# JRE version: 7.0_15-b03
# Java VM: Java HotSpot(TM) 64-Bit Server VM (23.7-b01 mixed mode windows-amd64 compressed oops)
Heap
 PSYoungGen      total 67520K, used 30415K [0x00000000d76b0000, 0x00000000dbdb0000, 0x0000000100000000)
  eden space 62336K, 48% used [0x00000000d76b0000,0x00000000d941bd20,0x00000000db390000)
  from space 5184K, 5% used [0x00000000db8a0000,0x00000000db8e8020,0x00000000dbdb0000)
  to   space 5184K, 0% used [0x00000000db390000,0x00000000db390000,0x00000000db8a0000)
 ParOldGen       total 83072K, used 8K [0x0000000086400000, 0x000000008b520000, 0x00000000d76b0000)
  object space 83072K, 0% used [0x0000000086400000,0x0000000086402000,0x000000008b520000)
 PSPermGen       total 21248K, used 2624K [0x0000000081200000, 0x00000000826c0000, 0x0000000086400000)
  object space 21248K, 12% used [0x0000000081200000,0x0000000081490228,0x00000000826c0000)
GC Heap History (10 events):
Event: 2.104 GC heap before
{Heap before GC invocations=1 (full 0):
 PSYoungGen      total 36352K, used 31168K [0x00000000d76b0000, 0x00000000d9f40000, 0x0000000100000000)
  eden space 31168K, 100% used [0x00000000d76b0000,0x00000000d9520000,0x00000000d9520000)
  from space 5184K, 0% used [0x00000000d9a30000,0x00000000d9a30000,0x00000000d9f40000)
  to   space 5184K, 0% used [0x00000000d9520000,0x00000000d9520000,0x00000000d9a30000)
 ParOldGen       total 83072K, used 0K [0x0000000086400000, 0x000000008b520000, 0x00000000d76b0000)
  object space 83072K, 0% used [0x0000000086400000,0x0000000086400000,0x000000008b520000)
 PSPermGen       total 21248K, used 2613K [0x0000000081200000, 0x00000000826c0000, 0x0000000086400000)
  object space 21248K, 12% used [0x0000000081200000,0x000000008148d6c8,0x00000000826c0000)
Event: 2.106 GC heap after
Heap after GC invocations=1 (full 0):
 PSYoungGen      total 36352K, used 400K [0x00000000d76b0000, 0x00000000d9f40000, 0x0000000100000000)
  eden space 31168K, 0% used [0x00000000d76b0000,0x00000000d76b0000,0x00000000d9520000)
  from space 5184K, 7% used [0x00000000d9520000,0x00000000d9584010,0x00000000d9a30000)
  to   space 5184K, 0% used [0x00000000d9a30000,0x00000000d9a30000,0x00000000d9f40000)
 ParOldGen       total 83072K, used 8K [0x0000000086400000, 0x000000008b520000, 0x00000000d76b0000)
  object space 83072K, 0% used [0x0000000086400000,0x0000000086402000,0x000000008b520000)
 PSPermGen       total 21248K, used 2613K [0x0000000081200000, 0x00000000826c0000, 0x0000000086400000)
  object space 21248K, 12% used [0x0000000081200000,0x000000008148d6c8,0x00000000826c0000)
}
Event: 2.203 GC heap before
{Heap before GC invocations=2 (full 0):
 PSYoungGen      total 36352K, used 31568K [0x00000000d76b0000, 0x00000000d9f40000, 0x0000000100000000)
  eden space 31168K, 100% used [0x00000000d76b0000,0x00000000d9520000,0x00000000d9520000)
  from space 5184K, 7% used [0x00000000d9520000,0x00000000d9584010,0x00000000d9a30000)
  to   space 5184K, 0% used [0x00000000d9a30000,0x00000000d9a30000,0x00000000d9f40000)
 ParOldGen       total 83072K, used 8K [0x0000000086400000, 0x000000008b520000, 0x00000000d76b0000)
  object space 83072K, 0% used [0x0000000086400000,0x0000000086402000,0x000000008b520000)
 PSPermGen       total 21248K, used 2619K [0x0000000081200000, 0x00000000826c0000, 0x0000000086400000)
  object space 21248K, 12% used [0x0000000081200000,0x000000008148ec30,0x00000000826c0000)
Event: 2.220 GC heap after
Heap after GC invocations=2 (full 0):
 PSYoungGen      total 36352K, used 288K [0x00000000d76b0000, 0x00000000dbdb0000, 0x0000000100000000)
  eden space 31168K, 0% used [0x00000000d76b0000,0x00000000d76b0000,0x00000000d9520000)
  from space 5184K, 5% used [0x00000000d9a30000,0x00000000d9a78020,0x00000000d9f40000)
  to   space 5184K, 0% used [0x00000000d9520000,0x00000000d9520000,0x00000000d9a30000)
 ParOldGen       total 83072K, used 8K [0x0000000086400000, 0x000000008b520000, 0x00000000d76b0000)
  object space 83072K, 0% used [0x0000000086400000,0x0000000086402000,0x000000008b520000)
 PSPermGen       total 21248K, used 2619K [0x0000000081200000, 0x00000000826c0000, 0x0000000086400000)
  object space 21248K, 12% used [0x0000000081200000,0x000000008148ec30,0x00000000826c0000)
}
Event: 2.267 GC heap before
{Heap before GC invocations=3 (full 0):
 PSYoungGen      total 36352K, used 31456K [0x00000000d76b0000, 0x00000000dbdb0000, 0x0000000100000000)
  eden space 31168K, 100% used [0x00000000d76b0000,0x00000000d9520000,0x00000000d9520000)
  from space 5184K, 5% used [0x00000000d9a30000,0x00000000d9a78020,0x00000000d9f40000)
  to   space 5184K, 0% used [0x00000000d9520000,0x00000000d9520000,0x00000000d9a30000)
 ParOldGen       total 83072K, used 8K [0x0000000086400000, 0x000000008b520000, 0x00000000d76b0000)
  object space 83072K, 0% used [0x0000000086400000,0x0000000086402000,0x000000008b520000)
 PSPermGen       total 21248K, used 2624K [0x0000000081200000, 0x00000000826c0000, 0x0000000086400000)
  object space 21248K, 12% used [0x0000000081200000,0x0000000081490228,0x00000000826c0000)
Event: 2.275 GC heap after
Heap after GC invocations=3 (full 0):
 PSYoungGen      total 36352K, used 288K [0x00000000d76b0000, 0x00000000dbdb0000, 0x0000000100000000)
  eden space 31168K, 0% used [0x00000000d76b0000,0x00000000d76b0000,0x00000000d9520000)
  from space 5184K, 5% used [0x00000000d9520000,0x00000000d9568020,0x00000000d9a30000)
  to   space 5184K, 0% used [0x00000000db8a0000,0x00000000db8a0000,0x00000000dbdb0000)
 ParOldGen       total 83072K, used 8K [0x0000000086400000, 0x000000008b520000, 0x00000000d76b0000)
  object space 83072K, 0% used [0x0000000086400000,0x0000000086402000,0x000000008b520000)
 PSPermGen       total 21248K, used 2624K [0x0000000081200000, 0x00000000826c0000, 0x0000000086400000)
  object space 21248K, 12% used [0x0000000081200000,0x0000000081490228,0x00000000826c0000)
}
Event: 2.326 GC heap before
{Heap before GC invocations=4 (full 0):
 PSYoungGen      total 36352K, used 31456K [0x00000000d76b0000, 0x00000000dbdb0000, 0x0000000100000000)
  eden space 31168K, 100% used [0x00000000d76b0000,0x00000000d9520000,0x00000000d9520000)
  from space 5184K, 5% used [0x00000000d9520000,0x00000000d9568020,0x00000000d9a30000)
  to   space 5184K, 0% used [0x00000000db8a0000,0x00000000db8a0000,0x00000000dbdb0000)
 ParOldGen       total 83072K, used 8K [0x0000000086400000, 0x000000008b520000, 0x00000000d76b0000)
  object space 83072K, 0% used [0x0000000086400000,0x0000000086402000,0x000000008b520000)
 PSPermGen       total 21248K, used 2624K [0x0000000081200000, 0x00000000826c0000, 0x0000000086400000)
  object space 21248K, 12% used [0x0000000081200000,0x0000000081490228,0x00000000826c0000)
Event: 2.328 GC heap after
Heap after GC invocations=4 (full 0):
 PSYoungGen      total 67520K, used 352K [0x00000000d76b0000, 0x00000000dbdb0000, 0x0000000100000000)
  eden space 62336K, 0% used [0x00000000d76b0000,0x00000000d76b0000,0x00000000db390000)
  from space 5184K, 6% used [0x00000000db8a0000,0x00000000db8f8020,0x00000000dbdb0000)
  to   space 5184K, 0% used [0x00000000db390000,0x00000000db390000,0x00000000db8a0000)
 ParOldGen       total 83072K, used 8K [0x0000000086400000, 0x000000008b520000, 0x00000000d76b0000)
  object space 83072K, 0% used [0x0000000086400000,0x0000000086402000,0x000000008b520000)
 PSPermGen       total 21248K, used 2624K [0x0000000081200000, 0x00000000826c0000, 0x0000000086400000)
  object space 21248K, 12% used [0x0000000081200000,0x0000000081490228,0x00000000826c0000)
}
Event: 2.442 GC heap before
{Heap before GC invocations=5 (full 0):
 PSYoungGen      total 67520K, used 62688K [0x00000000d76b0000, 0x00000000dbdb0000, 0x0000000100000000)
  eden space 62336K, 100% used [0x00000000d76b0000,0x00000000db390000,0x00000000db390000)
  from space 5184K, 6% used [0x00000000db8a0000,0x00000000db8f8020,0x00000000dbdb0000)
  to   space 5184K, 0% used [0x00000000db390000,0x00000000db390000,0x00000000db8a0000)
 ParOldGen       total 83072K, used 8K [0x0000000086400000, 0x000000008b520000, 0x00000000d76b0000)
  object space 83072K, 0% used [0x0000000086400000,0x0000000086402000,0x000000008b520000)
 PSPermGen       total 21248K, used 2624K [0x0000000081200000, 0x00000000826c0000, 0x0000000086400000)
  object space 21248K, 12% used [0x0000000081200000,0x0000000081490228,0x00000000826c0000)
Event: 2.444 GC heap after
Heap after GC invocations=5 (full 0):
 PSYoungGen      total 67520K, used 304K [0x00000000d76b0000, 0x00000000dbdb0000, 0x0000000100000000)
  eden space 62336K, 0% used [0x00000000d76b0000,0x00000000d76b0000,0x00000000db390000)
  from space 5184K, 5% used [0x00000000db390000,0x00000000db3dc010,0x00000000db8a0000)
  to   space 5184K, 0% used [0x00000000db8a0000,0x00000000db8a0000,0x00000000dbdb0000)
 ParOldGen       total 83072K, used 8K [0x0000000086400000, 0x000000008b520000, 0x00000000d76b0000)
  object space 83072K, 0% used [0x0000000086400000,0x0000000086402000,0x000000008b520000)
 PSPermGen       total 21248K, used 2624K [0x0000000081200000, 0x00000000826c0000, 0x0000000086400000)
  object space 21248K, 12% used [0x0000000081200000,0x0000000081490228,0x00000000826c0000)
}

